2020-05-11 09:49:23.636 INFO  Single-Spa-Application Started For Reading npmrc file|ApplicationRouting|readFileRoute 
2020-05-11 09:50:13.041 INFO  Single-Spa-Application Started For Reading npmrc file|ApplicationRouting|readFileRoute 
2020-05-11 09:50:13.054 DEBUG FileManipulation|fileRead|finalData {"NPMRCData":[{"key":"lol","value":"po0p"}]} 
2020-05-11 09:50:32.307 INFO  Single-Spa-Application Started For Writing to npmrc file|ApplicationRouting|writeFileRoute 
2020-05-11 09:50:32.307 INFO  FileManipulation|fileWrite|fileContent polpo=78909 
2020-05-11 09:50:32.322 INFO  Single-Spa-Application Started For Reading npmrc file|ApplicationRouting|readFileRoute 
2020-05-11 09:50:32.341 DEBUG FileManipulation|fileRead|finalData {"NPMRCData":[{"key":"lol","value":"po0ppolpo"}]} 
2020-05-11 09:50:39.625 INFO  Single-Spa-Application Started For Reading npmrc file|ApplicationRouting|readFileRoute 
2020-05-11 09:50:39.636 DEBUG FileManipulation|fileRead|finalData {"NPMRCData":[{"key":"lol","value":"po0ppolpo"}]} 
2020-05-11 09:50:41.094 INFO  Single-Spa-Application Started For Reading npmrc file|ApplicationRouting|readFileRoute 
2020-05-11 09:50:41.106 DEBUG FileManipulation|fileRead|finalData {"NPMRCData":[{"key":"lol","value":"po0ppolpo"}]} 
2020-05-11 09:50:42.591 INFO  Single-Spa-Application Started For Reading npmrc file|ApplicationRouting|readFileRoute 
2020-05-11 09:50:42.605 DEBUG FileManipulation|fileRead|finalData {"NPMRCData":[{"key":"lol","value":"po0ppolpo"}]} 
2020-05-11 09:50:43.033 INFO  Single-Spa-Application Started For Reading npmrc file|ApplicationRouting|readFileRoute 
2020-05-11 09:50:43.044 DEBUG FileManipulation|fileRead|finalData {"NPMRCData":[{"key":"lol","value":"po0ppolpo"}]} 
2020-05-11 09:51:39.294 INFO  Single-Spa-Application Started For Writing to npmrc file|ApplicationRouting|writeFileRoute 
2020-05-11 09:51:39.294 INFO  FileManipulation|fileWrite|fileContent polik=yuy787 
2020-05-11 09:51:39.324 INFO  Single-Spa-Application Started For Reading npmrc file|ApplicationRouting|readFileRoute 
2020-05-11 09:51:39.336 DEBUG FileManipulation|fileRead|finalData {"NPMRCData":[{"key":"lol","value":"po0p"},{"key":"polpo","value":"78909"},{"key":"polik","value":"yuy787"}]} 
2020-05-11 09:52:00.541 INFO  Single-Spa-Application Started For Writing to npmrc file|ApplicationRouting|writeFileRoute 
2020-05-11 09:52:00.541 INFO  FileManipulation|fileWrite|fileContent klo=iu90o 
2020-05-11 09:52:00.566 INFO  Single-Spa-Application Started For Reading npmrc file|ApplicationRouting|readFileRoute 
2020-05-11 09:52:00.578 DEBUG FileManipulation|fileRead|finalData {"NPMRCData":[]} 
2020-05-11 09:52:03.958 INFO  Single-Spa-Application Started For Reading npmrc file|ApplicationRouting|readFileRoute 
2020-05-11 09:52:03.972 DEBUG FileManipulation|fileRead|finalData {"NPMRCData":[{"key":"lol","value":"po0p"},{"key":"polpo","value":"78909"},{"key":"polik","value":"yuy787"},{"key":"klo","value":"iu90o"}]} 
2020-05-11 09:52:27.383 INFO  Single-Spa-Application Started For Editing Value to npmrc file|ApplicationRouting|valueEditFileRoute 
2020-05-11 09:52:27.384 INFO  FileManipulation|fileValueEdit|value lol 
2020-05-11 09:52:27.520 INFO  Single-Spa-Application Started For Reading npmrc file|ApplicationRouting|readFileRoute 
2020-05-11 09:52:27.534 DEBUG FileManipulation|fileRead|finalData {"NPMRCData":[{"key":"lol","value":"po0p00"},{"key":"polpo","value":"78909"},{"key":"polik","value":"yuy787"},{"key":"klo","value":"iu90o"}]} 
2020-05-11 09:52:53.479 INFO  Single-Spa-Application Started For Editing Key to npmrc file|ApplicationRouting|keyEditFileRoute 
2020-05-11 09:52:53.479 INFO  FileManipulation|fileKeyEdit|value 78909 
2020-05-11 09:52:53.609 INFO  Single-Spa-Application Started For Reading npmrc file|ApplicationRouting|readFileRoute 
2020-05-11 09:52:53.620 DEBUG FileManipulation|fileRead|finalData {"NPMRCData":[]} 
2020-05-11 09:52:59.169 INFO  Single-Spa-Application Started For Reading npmrc file|ApplicationRouting|readFileRoute 
2020-05-11 09:52:59.182 DEBUG FileManipulation|fileRead|finalData {"NPMRCData":[{"key":"lol","value":"po0p00"},{"key":"polpo88989","value":"78909"},{"key":"polik","value":"yuy787"},{"key":"klo","value":"iu90o"}]} 
2020-05-11 09:53:30.975 INFO  Single-Spa-Application Started For Reading npmrc file|ApplicationRouting|readFileRoute 
2020-05-11 09:53:31.000 DEBUG FileManipulation|fileRead|finalData {"NPMRCData":[{"key":"lol","value":"po0p00"},{"key":"polpo88989","value":"78909"},{"key":"polik","value":"yuy787"},{"key":"klo","value":"iu90o"}]} 
2020-05-11 09:53:58.183 INFO  Single-Spa-Application Started For Reading npmrc file|ApplicationRouting|readFileRoute 
2020-05-11 09:53:58.195 DEBUG FileManipulation|fileRead|finalData {"NPMRCData":[{"key":"lol","value":"po0p00"},{"key":"polpo88989","value":"78909"},{"key":"polik","value":"yuy787"},{"key":"klo","value":"iu90o"}]} 
