eventName: Navbar Click Event,eventData: Admin Clicked Audit Logs,time: 2020-05-15T14:27:56.578Z,
eventName: Navbar Click Event,eventData: Admin Clicked Folder Structure,time: 2020-05-15T14:27:54.535Z,
eventName: Navbar Click Event,eventData: Admin Clicked Npmrc File Manipulation,time: 2020-05-15T14:27:53.076Z,
eventName: Navbar Click Event,eventData: Admin Clicked System Hardware Details,time: 2020-05-15T14:27:54.072Z,
eventName: Navbar Click Event,eventData: Admin Clicked Audit Logs,time: 2020-05-15T14:27:59.325Z,
eventName: Navbar Click Event,eventData: Admin Clicked Npmrc File Manipulation,time: 2020-05-15T14:28:09.123Z,
eventName: Navbar Click Event,eventData: Admin Clicked Audit Logs,time: 2020-05-15T14:28:13.864Z,
eventName: Navbar Click Event,eventData: Admin Clicked Audit Logs,time: 2020-05-15T14:28:14.924Z,
eventName: Navbar Click Event,eventData: Admin Clicked System Hardware Details,time: 2020-05-15T14:28:11.450Z,
eventName: Navbar Click Event,eventData: Admin Clicked Npmrc File Manipulation,time: 2020-05-15T14:27:53.076Z,
eventName: Navbar Click Event,eventData: Admin Clicked System Hardware Details,time: 2020-05-15T14:27:54.072Z,
eventName: Navbar Click Event,eventData: Admin Clicked Audit Logs,time: 2020-05-15T14:27:56.578Z,
eventName: Navbar Click Event,eventData: Admin Clicked Folder Structure,time: 2020-05-15T14:27:54.535Z,
eventName: Navbar Click Event,eventData: Admin Clicked Npmrc File Manipulation,time: 2020-05-15T14:28:09.123Z,
eventName: Navbar Click Event,eventData: Admin Clicked Audit Logs,time: 2020-05-15T14:28:13.864Z,
eventName: Navbar Click Event,eventData: Admin Clicked Audit Logs,time: 2020-05-15T14:27:59.325Z,
eventName: Navbar Click Event,eventData: Admin Clicked System Hardware Details,time: 2020-05-15T14:28:11.450Z,
eventName: Navbar Click Event,eventData: Admin Clicked Audit Logs,time: 2020-05-15T14:28:14.924Z,
eventName: Navbar Click Event,eventData: Admin Clicked Npmrc File Manipulation,time: 2020-05-15T14:29:36.901Z,
eventName: Navbar Click Event,eventData: Admin Clicked Audit Logs,time: 2020-05-15T14:29:57.320Z,
eventName: Added Key Value,eventData: Admin Added New Key:key and New Value: values data,time: 2020-05-15T14:29:48.649Z,
eventName: Navbar Click Event,eventData: Admin Clicked Audit Logs,time: 2020-05-15T14:29:59.486Z,
eventName: Navbar Click Event,eventData: Admin Clicked Npmrc File Manipulation,time: 2020-05-15T14:29:37.415Z,
eventName:  Navbar Click Event,eventData:  Admin Clicked Audit Logs,time:  2020-05-15T14,
eventName:  Navbar Click Event,eventData:  Admin Clicked Npmrc File Manipulation,time:  2020-05-15T14,
eventName:  Navbar Click Event,eventData:  Admin Clicked System Hardware Details,time:  2020-05-15T14,
eventName:  Navbar Click Event,eventData:  Admin Clicked Audit Logs,time:  2020-05-15T14,
eventName:  Navbar Click Event,eventData:  Admin Clicked Folder Structure,time:  2020-05-15T14,
eventName:  Navbar Click Event,eventData:  Admin Clicked Npmrc File Manipulation,time:  2020-05-15T14,
eventName:  Navbar Click Event,eventData:  Admin Clicked Audit Logs,time:  2020-05-15T14,
eventName:  Navbar Click Event,eventData:  Admin Clicked Audit Logs,time:  2020-05-15T14,
eventName:  Navbar Click Event,eventData:  Admin Clicked System Hardware Details,time:  2020-05-15T14,
eventName:  Navbar Click Event,eventData:  Admin Clicked Npmrc File Manipulation,time:  2020-05-15T14,
eventName:  Navbar Click Event,eventData:  Admin Clicked Audit Logs,time:  2020-05-15T14,
eventName:  Navbar Click Event,eventData:  Admin Clicked Folder Structure,time:  2020-05-15T14,
eventName:  Navbar Click Event,eventData:  Admin Clicked System Hardware Details,time:  2020-05-15T14,
eventName:  Navbar Click Event,eventData:  Admin Clicked Npmrc File Manipulation,time:  2020-05-15T14,
eventName:  Navbar Click Event,eventData:  Admin Clicked Audit Logs,time:  2020-05-15T14,
eventName:  Navbar Click Event,eventData:  Admin Clicked Audit Logs,time:  2020-05-15T14,
eventName:  Navbar Click Event,eventData:  Admin Clicked System Hardware Details,time:  2020-05-15T14,
eventName:  Navbar Click Event,eventData:  Admin Clicked Audit Logs,time:  2020-05-15T14,
eventName:  Navbar Click Event,eventData:  Admin Clicked Npmrc File Manipulation,time:  2020-05-15T14,
eventName:  Added Key Value,eventData:  Admin Added New Key,time:  2020-05-15T14,
eventName:  Navbar Click Event,eventData:  Admin Clicked Audit Logs,time:  2020-05-15T14,
eventName:  Navbar Click Event,eventData:  Admin Clicked Npmrc File Manipulation,time:  2020-05-15T14,
eventName:  Navbar Click Event,eventData:  Admin Clicked Audit Logs,time:  2020-05-15T14,
